0 info it worked if it ends with ok
1 verbose cli [ 'E:\\workspace\\Node\\node.exe',
1 verbose cli   'E:\\workspace\\Node\\node_modules\\npm\\bin\\npm-cli.js',
1 verbose cli   'unpublish',
1 verbose cli   'domobserverplugin@1.0.0' ]
2 info using npm@3.10.10
3 info using node@v6.10.0
4 silly unpublish args[0] domobserverplugin@1.0.0
5 silly unpublish thing Result {
5 silly unpublish   raw: 'domobserverplugin@1.0.0',
5 silly unpublish   scope: null,
5 silly unpublish   escapedName: 'domobserverplugin',
5 silly unpublish   name: 'domobserverplugin',
5 silly unpublish   rawSpec: '1.0.0',
5 silly unpublish   spec: '1.0.0',
5 silly unpublish   type: 'version' }
6 verbose getPublishConfig null
7 silly ls normalized domobserverplugin\1.0.0
8 silly gentlyRm C:\Users\fabri\AppData\Roaming\npm-cache\domobserverplugin\1.0.0 is being purged
9 verbose gentlyRm don't care about contents; nuking C:\Users\fabri\AppData\Roaming\npm-cache\domobserverplugin\1.0.0
10 silly mapToRegistry name domobserverplugin
11 silly mapToRegistry using default registry
12 silly mapToRegistry registry https://registry.npmjs.org/
13 silly mapToRegistry data Result {
13 silly mapToRegistry   raw: 'domobserverplugin',
13 silly mapToRegistry   scope: null,
13 silly mapToRegistry   escapedName: 'domobserverplugin',
13 silly mapToRegistry   name: 'domobserverplugin',
13 silly mapToRegistry   rawSpec: '',
13 silly mapToRegistry   spec: 'latest',
13 silly mapToRegistry   type: 'tag' }
14 silly mapToRegistry uri https://registry.npmjs.org/domobserverplugin
15 verbose get GET as part of write; not caching result
16 verbose request uri https://registry.npmjs.org/domobserverplugin?write=true
17 verbose request no auth needed
18 info attempt registry request try #1 at 02:00:27
19 verbose request using bearer token for auth
20 verbose request id a34d45ad0a3f9c97
21 http request GET https://registry.npmjs.org/domobserverplugin?write=true
22 http 200 https://registry.npmjs.org/domobserverplugin?write=true
23 verbose headers { 'content-type': 'application/json',
23 verbose headers   server: 'nginx/1.10.1',
23 verbose headers   'last-modified': 'Wed, 15 Feb 2017 21:48:59 GMT',
23 verbose headers   etag: 'W/"58a4cccb-b77"',
23 verbose headers   'content-encoding': 'gzip',
23 verbose headers   'cache-control': 'max-age=0',
23 verbose headers   'transfer-encoding': 'chunked',
23 verbose headers   'accept-ranges': 'bytes',
23 verbose headers   date: 'Sat, 25 Feb 2017 05:00:29 GMT',
23 verbose headers   via: '1.1 varnish',
23 verbose headers   connection: 'keep-alive',
23 verbose headers   'x-served-by': 'cache-gru7124-GRU',
23 verbose headers   'x-cache': 'MISS',
23 verbose headers   'x-cache-hits': '0',
23 verbose headers   'x-timer': 'S1487998828.900716,VS0,VE783',
23 verbose headers   vary: 'Accept-Encoding' }
24 silly get cb [ 200,
24 silly get   { 'content-type': 'application/json',
24 silly get     server: 'nginx/1.10.1',
24 silly get     'last-modified': 'Wed, 15 Feb 2017 21:48:59 GMT',
24 silly get     etag: 'W/"58a4cccb-b77"',
24 silly get     'content-encoding': 'gzip',
24 silly get     'cache-control': 'max-age=0',
24 silly get     'transfer-encoding': 'chunked',
24 silly get     'accept-ranges': 'bytes',
24 silly get     date: 'Sat, 25 Feb 2017 05:00:29 GMT',
24 silly get     via: '1.1 varnish',
24 silly get     connection: 'keep-alive',
24 silly get     'x-served-by': 'cache-gru7124-GRU',
24 silly get     'x-cache': 'MISS',
24 silly get     'x-cache-hits': '0',
24 silly get     'x-timer': 'S1487998828.900716,VS0,VE783',
24 silly get     vary: 'Accept-Encoding' } ]
25 verbose get saving domobserverplugin to C:\Users\fabri\AppData\Roaming\npm-cache\registry.npmjs.org\domobserverplugin_3Fwrite_3Dtrue\.cache.json
26 verbose correctMkdir C:\Users\fabri\AppData\Roaming\npm-cache correctMkdir not in flight; initializing
27 verbose unpublish removing attachments { shasum: '0121c67aae545c079bdb8f866c15fb56139c7e99',
27 verbose unpublish   tarball: 'https://registry.npmjs.org/domobserverplugin/-/domobserverplugin-1.0.0.tgz' }
28 info unpublish No versions remain, removing entire package
29 verbose request uri https://registry.npmjs.org/domobserverplugin/-rev/3-1ff48371285fc3b0ac083962ca967797
30 verbose request sending authorization for write operation
31 info attempt registry request try #1 at 02:00:28
32 verbose request using bearer token for auth
33 http request DELETE https://registry.npmjs.org/domobserverplugin/-rev/3-1ff48371285fc3b0ac083962ca967797
34 http 400 https://registry.npmjs.org/domobserverplugin/-rev/3-1ff48371285fc3b0ac083962ca967797
35 verbose headers { 'content-type': 'application/json',
35 verbose headers   'cache-control': 'max-age=300',
35 verbose headers   'content-length': '17',
35 verbose headers   'accept-ranges': 'bytes',
35 verbose headers   date: 'Sat, 25 Feb 2017 05:00:29 GMT',
35 verbose headers   via: '1.1 varnish',
35 verbose headers   connection: 'keep-alive',
35 verbose headers   'x-served-by': 'cache-gru7124-GRU',
35 verbose headers   'x-cache': 'MISS',
35 verbose headers   'x-cache-hits': '0',
35 verbose headers   'x-timer': 'S1487998829.750770,VS0,VE211',
35 verbose headers   vary: 'Accept-Encoding' }
36 verbose request invalidating C:\Users\fabri\AppData\Roaming\npm-cache\registry.npmjs.org\domobserverplugin on DELETE
37 verbose stack Error: Registry returned 400 for DELETE on https://registry.npmjs.org/domobserverplugin/-rev/3-1ff48371285fc3b0ac083962ca967797
37 verbose stack     at makeError (E:\workspace\Node\node_modules\npm\node_modules\npm-registry-client\lib\request.js:302:12)
37 verbose stack     at CachingRegistryClient.<anonymous> (E:\workspace\Node\node_modules\npm\node_modules\npm-registry-client\lib\request.js:280:14)
37 verbose stack     at Request._callback (E:\workspace\Node\node_modules\npm\node_modules\npm-registry-client\lib\request.js:210:14)
37 verbose stack     at Request.self.callback (E:\workspace\Node\node_modules\npm\node_modules\request\request.js:187:22)
37 verbose stack     at emitTwo (events.js:106:13)
37 verbose stack     at Request.emit (events.js:191:7)
37 verbose stack     at Request.<anonymous> (E:\workspace\Node\node_modules\npm\node_modules\request\request.js:1048:10)
37 verbose stack     at emitOne (events.js:96:13)
37 verbose stack     at Request.emit (events.js:188:7)
37 verbose stack     at IncomingMessage.<anonymous> (E:\workspace\Node\node_modules\npm\node_modules\request\request.js:969:12)
38 verbose statusCode 400
39 verbose pkgid domobserverplugin
40 verbose cwd E:\workspace\Projetos\jquery\DOMObserverPlugin
41 error Windows_NT 10.0.10240
42 error argv "E:\\workspace\\Node\\node.exe" "E:\\workspace\\Node\\node_modules\\npm\\bin\\npm-cli.js" "unpublish" "domobserverplugin@1.0.0"
43 error node v6.10.0
44 error npm  v3.10.10
45 error code E400
46 error Registry returned 400 for DELETE on https://registry.npmjs.org/domobserverplugin/-rev/3-1ff48371285fc3b0ac083962ca967797
47 error If you need help, you may report this error at:
47 error     <https://github.com/npm/npm/issues>
48 verbose exit [ 1, true ]
